This file contains any messages produced by compilers while
running configure, to aid debugging if configure makes a mistake.

It was created by json-c configure 0.12.99, which was
generated by GNU Autoconf 2.65.  Invocation command line was

  $ /repo/guoxingp/HD_R5401_China/apps/public/libs/libjson-c/json-c/configure --host=mips-linux --prefix=/ MISSING=/bin/true

## --------- ##
## Platform. ##
## --------- ##

hostname = AONTFN05
uname -m = i686
uname -r = 2.6.32-71.el6.i686
uname -s = Linux
uname -v = #1 SMP Wed Sep 1 01:26:34 EDT 2010

/usr/bin/uname -p = unknown
/bin/uname -X     = unknown

/bin/arch              = i686
/usr/bin/arch -k       = unknown
/usr/convex/getsysinfo = unknown
/usr/bin/hostinfo      = unknown
/bin/machine           = unknown
/usr/bin/oslevel       = unknown
/bin/universe          = unknown

PATH: /opt/trendchip/mips-linux-uclibc-4.3.6-v2/usr/bin
PATH: /opt/trendchip/mips-linux-uclibc-4.3.6-v2/usr/bin
PATH: /home/guoxingp/local/bin
PATH: /usr/bin
PATH: /usr/lib/qt-3.3/bin
PATH: /usr/kerberos/sbin
PATH: /usr/kerberos/bin
PATH: /usr/local/bin
PATH: /bin
PATH: /usr/bin
PATH: /usr/local/sbin
PATH: /usr/sbin
PATH: /sbin
PATH: /usr/local/mips-gdb/bin


## ----------- ##
## Core tests. ##
## ----------- ##

configure:2441: checking for a BSD-compatible install
configure:2509: result: /usr/bin/install -c
configure:2520: checking whether build environment is sane
configure:2570: result: yes
configure:2619: checking for mips-linux-strip
configure:2646: result: /opt/trendchip/mips-linux-uclibc-4.3.6-v2/usr/bin/mips-linux-uclibc-strip
configure:2711: checking for a thread-safe mkdir -p
configure:2750: result: /bin/mkdir -p
configure:2763: checking for gawk
configure:2779: found /usr/bin/gawk
configure:2790: result: gawk
configure:2801: checking whether make sets $(MAKE)
configure:2823: result: yes
configure:2904: checking whether make sets $(MAKE)
configure:2926: result: yes
configure:2951: result: RDRAND Hardware RNG Hash Seed disabled. Use --enable-rdrand to enable
configure:2972: checking for style of include used by make
configure:3000: result: GNU
configure:3030: checking for mips-linux-gcc
configure:3057: result: /usr/local/bin/ccache /opt/trendchip/mips-linux-uclibc-4.3.6-v2/usr/bin/mips-linux-uclibc-gcc  -Wa,-mno-pdr
configure:3326: checking for C compiler version
configure:3335: /usr/local/bin/ccache /opt/trendchip/mips-linux-uclibc-4.3.6-v2/usr/bin/mips-linux-uclibc-gcc  -Wa,-mno-pdr --version >&5
mips-linux-uclibc-gcc (Buildroot 2012.05) 4.3.6
Copyright (C) 2008 Free Software Foundation, Inc.
This is free software; see the source for copying conditions.  There is NO
warranty; not even for MERCHANTABILITY or FITNESS FOR A PARTICULAR PURPOSE.

configure:3346: $? = 0
configure:3335: /usr/local/bin/ccache /opt/trendchip/mips-linux-uclibc-4.3.6-v2/usr/bin/mips-linux-uclibc-gcc  -Wa,-mno-pdr -v >&5
Using built-in specs.
Target: mips-unknown-linux-uclibc
Configured with: /proj/mtk04854/buildroot-2012.05/output/toolchain/gcc-4.3.6/configure --prefix=/opt/trendchip/mips-linux-uclibc-4.3.6-v2/usr --build=i686-pc-linux-gnu --host=i686-pc-linux-gnu --target=mips-unknown-linux-uclibc --enable-languages=c,c++ --with-sysroot=/opt/trendchip/mips-linux-uclibc-4.3.6-v2/usr/mips-unknown-linux-uclibc/sysroot --with-build-time-tools=/opt/trendchip/mips-linux-uclibc-4.3.6-v2/usr/mips-unknown-linux-uclibc/bin --disable-__cxa_atexit --enable-target-optspace --disable-libgomp --with-gnu-ld --disable-libssp --disable-multilib --enable-tls --enable-shared --with-gmp=/opt/trendchip/mips-linux-uclibc-4.3.6-v2/usr --with-mpfr=/opt/trendchip/mips-linux-uclibc-4.3.6-v2/usr --disable-nls --enable-threads --disable-decimal-float --with-float=soft --with-abi=32 --with-tune=mips32r2 --with-pkgversion='Buildroot 2012.05' --with-bugurl=http://bugs.buildroot.net/
Thread model: posix
gcc version 4.3.6 (Buildroot 2012.05) 
configure:3346: $? = 0
configure:3335: /usr/local/bin/ccache /opt/trendchip/mips-linux-uclibc-4.3.6-v2/usr/bin/mips-linux-uclibc-gcc  -Wa,-mno-pdr -V >&5
mips-linux-uclibc-gcc: '-V' must come at the start of the command line
configure:3346: $? = 1
configure:3335: /usr/local/bin/ccache /opt/trendchip/mips-linux-uclibc-4.3.6-v2/usr/bin/mips-linux-uclibc-gcc  -Wa,-mno-pdr -qversion >&5
mips-linux-uclibc-gcc: unrecognized option '-qversion'
mips-linux-uclibc-gcc: no input files
configure:3346: $? = 1
configure:3366: checking whether the C compiler works
configure:3388: /usr/local/bin/ccache /opt/trendchip/mips-linux-uclibc-4.3.6-v2/usr/bin/mips-linux-uclibc-gcc  -Wa,-mno-pdr -DASB_PLATFORM_MTK -DASB_PLATFORM_MTK   conftest.c  >&5
configure:3392: $? = 0
configure:3441: result: yes
configure:3444: checking for C compiler default output file name
configure:3446: result: a.out
configure:3452: checking for suffix of executables
configure:3459: /usr/local/bin/ccache /opt/trendchip/mips-linux-uclibc-4.3.6-v2/usr/bin/mips-linux-uclibc-gcc  -Wa,-mno-pdr -o conftest -DASB_PLATFORM_MTK -DASB_PLATFORM_MTK   conftest.c  >&5
configure:3463: $? = 0
configure:3485: result: 
configure:3507: checking whether we are cross compiling
configure:3515: /usr/local/bin/ccache /opt/trendchip/mips-linux-uclibc-4.3.6-v2/usr/bin/mips-linux-uclibc-gcc  -Wa,-mno-pdr -o conftest -DASB_PLATFORM_MTK -DASB_PLATFORM_MTK   conftest.c  >&5
configure:3519: $? = 0
configure:3526: ./conftest
/repo/guoxingp/HD_R5401_China/apps/public/libs/libjson-c/json-c/configure: line 3528: ./conftest: cannot execute binary file
configure:3530: $? = 126
configure:3545: result: yes
configure:3550: checking for suffix of object files
configure:3572: /usr/local/bin/ccache /opt/trendchip/mips-linux-uclibc-4.3.6-v2/usr/bin/mips-linux-uclibc-gcc  -Wa,-mno-pdr -c -DASB_PLATFORM_MTK -DASB_PLATFORM_MTK  conftest.c >&5
configure:3576: $? = 0
configure:3597: result: o
configure:3601: checking whether we are using the GNU C compiler
configure:3620: /usr/local/bin/ccache /opt/trendchip/mips-linux-uclibc-4.3.6-v2/usr/bin/mips-linux-uclibc-gcc  -Wa,-mno-pdr -c -DASB_PLATFORM_MTK -DASB_PLATFORM_MTK  conftest.c >&5
configure:3620: $? = 0
configure:3629: result: yes
configure:3638: checking whether /usr/local/bin/ccache /opt/trendchip/mips-linux-uclibc-4.3.6-v2/usr/bin/mips-linux-uclibc-gcc  -Wa,-mno-pdr accepts -g
configure:3658: /usr/local/bin/ccache /opt/trendchip/mips-linux-uclibc-4.3.6-v2/usr/bin/mips-linux-uclibc-gcc  -Wa,-mno-pdr -c -g  conftest.c >&5
configure:3658: $? = 0
configure:3699: result: yes
configure:3716: checking for /usr/local/bin/ccache /opt/trendchip/mips-linux-uclibc-4.3.6-v2/usr/bin/mips-linux-uclibc-gcc  -Wa,-mno-pdr option to accept ISO C89
configure:3780: /usr/local/bin/ccache /opt/trendchip/mips-linux-uclibc-4.3.6-v2/usr/bin/mips-linux-uclibc-gcc  -Wa,-mno-pdr  -c -DASB_PLATFORM_MTK -DASB_PLATFORM_MTK  conftest.c >&5
configure:3780: $? = 0
configure:3793: result: none needed
configure:3815: checking dependency style of /usr/local/bin/ccache /opt/trendchip/mips-linux-uclibc-4.3.6-v2/usr/bin/mips-linux-uclibc-gcc  -Wa,-mno-pdr
configure:3925: result: gcc3
configure:3941: checking whether /usr/local/bin/ccache /opt/trendchip/mips-linux-uclibc-4.3.6-v2/usr/bin/mips-linux-uclibc-gcc  -Wa,-mno-pdr and cc understand -c and -o together
configure:3972: /usr/local/bin/ccache /opt/trendchip/mips-linux-uclibc-4.3.6-v2/usr/bin/mips-linux-uclibc-gcc  -Wa,-mno-pdr -c conftest.c -o conftest2.o >&5
configure:3976: $? = 0
configure:3982: /usr/local/bin/ccache /opt/trendchip/mips-linux-uclibc-4.3.6-v2/usr/bin/mips-linux-uclibc-gcc  -Wa,-mno-pdr -c conftest.c -o conftest2.o >&5
configure:3986: $? = 0
configure:3997: cc -c conftest.c >&5
configure:4001: $? = 0
configure:4009: cc -c conftest.c -o conftest2.o >&5
configure:4013: $? = 0
configure:4019: cc -c conftest.c -o conftest2.o >&5
configure:4023: $? = 0
configure:4041: result: yes
configure:4076: checking how to run the C preprocessor
configure:4146: result: /usr/local/bin/ccache /opt/trendchip/mips-linux-uclibc-4.3.6-v2/usr/bin/mips-linux-uclibc-cpp
configure:4166: /usr/local/bin/ccache /opt/trendchip/mips-linux-uclibc-4.3.6-v2/usr/bin/mips-linux-uclibc-cpp  conftest.c
configure:4166: $? = 0
configure:4180: /usr/local/bin/ccache /opt/trendchip/mips-linux-uclibc-4.3.6-v2/usr/bin/mips-linux-uclibc-cpp  conftest.c
conftest.c:11:28: error: ac_nonexistent.h: No such file or directory
configure:4180: $? = 1
configure: failed program was:
| /* confdefs.h */
| #define PACKAGE_NAME "json-c"
| #define PACKAGE_TARNAME "json-c"
| #define PACKAGE_VERSION "0.12.99"
| #define PACKAGE_STRING "json-c 0.12.99"
| #define PACKAGE_BUGREPORT "json-c@googlegroups.com"
| #define PACKAGE_URL ""
| #define PACKAGE "json-c"
| #define VERSION "0.12.99"
| /* end confdefs.h.  */
| #include <ac_nonexistent.h>
configure:4209: checking for grep that handles long lines and -e
configure:4267: result: /bin/grep
configure:4272: checking for egrep
configure:4334: result: /bin/grep -E
configure:4339: checking for ANSI C header files
configure:4359: /usr/local/bin/ccache /opt/trendchip/mips-linux-uclibc-4.3.6-v2/usr/bin/mips-linux-uclibc-gcc  -Wa,-mno-pdr -c -DASB_PLATFORM_MTK -DASB_PLATFORM_MTK  conftest.c >&5
configure:4359: $? = 0
configure:4443: result: yes
configure:4456: checking for sys/types.h
configure:4456: /usr/local/bin/ccache /opt/trendchip/mips-linux-uclibc-4.3.6-v2/usr/bin/mips-linux-uclibc-gcc  -Wa,-mno-pdr -c -DASB_PLATFORM_MTK -DASB_PLATFORM_MTK  conftest.c >&5
configure:4456: $? = 0
configure:4456: result: yes
configure:4456: checking for sys/stat.h
configure:4456: /usr/local/bin/ccache /opt/trendchip/mips-linux-uclibc-4.3.6-v2/usr/bin/mips-linux-uclibc-gcc  -Wa,-mno-pdr -c -DASB_PLATFORM_MTK -DASB_PLATFORM_MTK  conftest.c >&5
configure:4456: $? = 0
configure:4456: result: yes
configure:4456: checking for stdlib.h
configure:4456: /usr/local/bin/ccache /opt/trendchip/mips-linux-uclibc-4.3.6-v2/usr/bin/mips-linux-uclibc-gcc  -Wa,-mno-pdr -c -DASB_PLATFORM_MTK -DASB_PLATFORM_MTK  conftest.c >&5
configure:4456: $? = 0
configure:4456: result: yes
configure:4456: checking for string.h
configure:4456: /usr/local/bin/ccache /opt/trendchip/mips-linux-uclibc-4.3.6-v2/usr/bin/mips-linux-uclibc-gcc  -Wa,-mno-pdr -c -DASB_PLATFORM_MTK -DASB_PLATFORM_MTK  conftest.c >&5
configure:4456: $? = 0
configure:4456: result: yes
configure:4456: checking for memory.h
configure:4456: /usr/local/bin/ccache /opt/trendchip/mips-linux-uclibc-4.3.6-v2/usr/bin/mips-linux-uclibc-gcc  -Wa,-mno-pdr -c -DASB_PLATFORM_MTK -DASB_PLATFORM_MTK  conftest.c >&5
configure:4456: $? = 0
configure:4456: result: yes
configure:4456: checking for strings.h
configure:4456: /usr/local/bin/ccache /opt/trendchip/mips-linux-uclibc-4.3.6-v2/usr/bin/mips-linux-uclibc-gcc  -Wa,-mno-pdr -c -DASB_PLATFORM_MTK -DASB_PLATFORM_MTK  conftest.c >&5
configure:4456: $? = 0
configure:4456: result: yes
configure:4456: checking for inttypes.h
configure:4456: /usr/local/bin/ccache /opt/trendchip/mips-linux-uclibc-4.3.6-v2/usr/bin/mips-linux-uclibc-gcc  -Wa,-mno-pdr -c -DASB_PLATFORM_MTK -DASB_PLATFORM_MTK  conftest.c >&5
configure:4456: $? = 0
configure:4456: result: yes
configure:4456: checking for stdint.h
configure:4456: /usr/local/bin/ccache /opt/trendchip/mips-linux-uclibc-4.3.6-v2/usr/bin/mips-linux-uclibc-gcc  -Wa,-mno-pdr -c -DASB_PLATFORM_MTK -DASB_PLATFORM_MTK  conftest.c >&5
configure:4456: $? = 0
configure:4456: result: yes
configure:4456: checking for unistd.h
configure:4456: /usr/local/bin/ccache /opt/trendchip/mips-linux-uclibc-4.3.6-v2/usr/bin/mips-linux-uclibc-gcc  -Wa,-mno-pdr -c -DASB_PLATFORM_MTK -DASB_PLATFORM_MTK  conftest.c >&5
configure:4456: $? = 0
configure:4456: result: yes
configure:4472: checking fcntl.h usability
configure:4472: /usr/local/bin/ccache /opt/trendchip/mips-linux-uclibc-4.3.6-v2/usr/bin/mips-linux-uclibc-gcc  -Wa,-mno-pdr -c -DASB_PLATFORM_MTK -DASB_PLATFORM_MTK  conftest.c >&5
configure:4472: $? = 0
configure:4472: result: yes
configure:4472: checking fcntl.h presence
configure:4472: /usr/local/bin/ccache /opt/trendchip/mips-linux-uclibc-4.3.6-v2/usr/bin/mips-linux-uclibc-cpp  conftest.c
configure:4472: $? = 0
configure:4472: result: yes
configure:4472: checking for fcntl.h
configure:4472: result: yes
configure:4472: checking limits.h usability
configure:4472: /usr/local/bin/ccache /opt/trendchip/mips-linux-uclibc-4.3.6-v2/usr/bin/mips-linux-uclibc-gcc  -Wa,-mno-pdr -c -DASB_PLATFORM_MTK -DASB_PLATFORM_MTK  conftest.c >&5
configure:4472: $? = 0
configure:4472: result: yes
configure:4472: checking limits.h presence
configure:4472: /usr/local/bin/ccache /opt/trendchip/mips-linux-uclibc-4.3.6-v2/usr/bin/mips-linux-uclibc-cpp  conftest.c
configure:4472: $? = 0
configure:4472: result: yes
configure:4472: checking for limits.h
configure:4472: result: yes
configure:4472: checking for strings.h
configure:4472: result: yes
configure:4472: checking syslog.h usability
configure:4472: /usr/local/bin/ccache /opt/trendchip/mips-linux-uclibc-4.3.6-v2/usr/bin/mips-linux-uclibc-gcc  -Wa,-mno-pdr -c -DASB_PLATFORM_MTK -DASB_PLATFORM_MTK  conftest.c >&5
configure:4472: $? = 0
configure:4472: result: yes
configure:4472: checking syslog.h presence
configure:4472: /usr/local/bin/ccache /opt/trendchip/mips-linux-uclibc-4.3.6-v2/usr/bin/mips-linux-uclibc-cpp  conftest.c
configure:4472: $? = 0
configure:4472: result: yes
configure:4472: checking for syslog.h
configure:4472: result: yes
configure:4472: checking for unistd.h
configure:4472: result: yes
configure:4472: checking sys/cdefs.h usability
configure:4472: /usr/local/bin/ccache /opt/trendchip/mips-linux-uclibc-4.3.6-v2/usr/bin/mips-linux-uclibc-gcc  -Wa,-mno-pdr -c -DASB_PLATFORM_MTK -DASB_PLATFORM_MTK  conftest.c >&5
configure:4472: $? = 0
configure:4472: result: yes
configure:4472: checking sys/cdefs.h presence
configure:4472: /usr/local/bin/ccache /opt/trendchip/mips-linux-uclibc-4.3.6-v2/usr/bin/mips-linux-uclibc-cpp  conftest.c
configure:4472: $? = 0
configure:4472: result: yes
configure:4472: checking for sys/cdefs.h
configure:4472: result: yes
configure:4472: checking sys/param.h usability
configure:4472: /usr/local/bin/ccache /opt/trendchip/mips-linux-uclibc-4.3.6-v2/usr/bin/mips-linux-uclibc-gcc  -Wa,-mno-pdr -c -DASB_PLATFORM_MTK -DASB_PLATFORM_MTK  conftest.c >&5
configure:4472: $? = 0
configure:4472: result: yes
configure:4472: checking sys/param.h presence
configure:4472: /usr/local/bin/ccache /opt/trendchip/mips-linux-uclibc-4.3.6-v2/usr/bin/mips-linux-uclibc-cpp  conftest.c
configure:4472: $? = 0
configure:4472: result: yes
configure:4472: checking for sys/param.h
configure:4472: result: yes
configure:4472: checking stdarg.h usability
configure:4472: /usr/local/bin/ccache /opt/trendchip/mips-linux-uclibc-4.3.6-v2/usr/bin/mips-linux-uclibc-gcc  -Wa,-mno-pdr -c -DASB_PLATFORM_MTK -DASB_PLATFORM_MTK  conftest.c >&5
configure:4472: $? = 0
configure:4472: result: yes
configure:4472: checking stdarg.h presence
configure:4472: /usr/local/bin/ccache /opt/trendchip/mips-linux-uclibc-4.3.6-v2/usr/bin/mips-linux-uclibc-cpp  conftest.c
configure:4472: $? = 0
configure:4472: result: yes
configure:4472: checking for stdarg.h
configure:4472: result: yes
configure:4472: checking locale.h usability
configure:4472: /usr/local/bin/ccache /opt/trendchip/mips-linux-uclibc-4.3.6-v2/usr/bin/mips-linux-uclibc-gcc  -Wa,-mno-pdr -c -DASB_PLATFORM_MTK -DASB_PLATFORM_MTK  conftest.c >&5
configure:4472: $? = 0
configure:4472: result: yes
configure:4472: checking locale.h presence
configure:4472: /usr/local/bin/ccache /opt/trendchip/mips-linux-uclibc-4.3.6-v2/usr/bin/mips-linux-uclibc-cpp  conftest.c
configure:4472: $? = 0
configure:4472: result: yes
configure:4472: checking for locale.h
configure:4472: result: yes
configure:4472: checking endian.h usability
configure:4472: /usr/local/bin/ccache /opt/trendchip/mips-linux-uclibc-4.3.6-v2/usr/bin/mips-linux-uclibc-gcc  -Wa,-mno-pdr -c -DASB_PLATFORM_MTK -DASB_PLATFORM_MTK  conftest.c >&5
configure:4472: $? = 0
configure:4472: result: yes
configure:4472: checking endian.h presence
configure:4472: /usr/local/bin/ccache /opt/trendchip/mips-linux-uclibc-4.3.6-v2/usr/bin/mips-linux-uclibc-cpp  conftest.c
configure:4472: $? = 0
configure:4472: result: yes
configure:4472: checking for endian.h
configure:4472: result: yes
configure:4483: checking for inttypes.h
configure:4483: result: yes
configure:4493: checking for an ANSI C-conforming const
configure:4558: /usr/local/bin/ccache /opt/trendchip/mips-linux-uclibc-4.3.6-v2/usr/bin/mips-linux-uclibc-gcc  -Wa,-mno-pdr -c -DASB_PLATFORM_MTK -DASB_PLATFORM_MTK  conftest.c >&5
configure:4558: $? = 0
configure:4565: result: yes
configure:4573: checking for size_t
configure:4573: /usr/local/bin/ccache /opt/trendchip/mips-linux-uclibc-4.3.6-v2/usr/bin/mips-linux-uclibc-gcc  -Wa,-mno-pdr -c -DASB_PLATFORM_MTK -DASB_PLATFORM_MTK  conftest.c >&5
configure:4573: $? = 0
configure:4573: /usr/local/bin/ccache /opt/trendchip/mips-linux-uclibc-4.3.6-v2/usr/bin/mips-linux-uclibc-gcc  -Wa,-mno-pdr -c -DASB_PLATFORM_MTK -DASB_PLATFORM_MTK  conftest.c >&5
conftest.c: In function 'main':
conftest.c:68: error: expected expression before ')' token
configure:4573: $? = 1
configure: failed program was:
| /* confdefs.h */
| #define PACKAGE_NAME "json-c"
| #define PACKAGE_TARNAME "json-c"
| #define PACKAGE_VERSION "0.12.99"
| #define PACKAGE_STRING "json-c 0.12.99"
| #define PACKAGE_BUGREPORT "json-c@googlegroups.com"
| #define PACKAGE_URL ""
| #define PACKAGE "json-c"
| #define VERSION "0.12.99"
| #define STDC_HEADERS 1
| #define HAVE_SYS_TYPES_H 1
| #define HAVE_SYS_STAT_H 1
| #define HAVE_STDLIB_H 1
| #define HAVE_STRING_H 1
| #define HAVE_MEMORY_H 1
| #define HAVE_STRINGS_H 1
| #define HAVE_INTTYPES_H 1
| #define HAVE_STDINT_H 1
| #define HAVE_UNISTD_H 1
| #define HAVE_FCNTL_H 1
| #define HAVE_LIMITS_H 1
| #define HAVE_STRINGS_H 1
| #define HAVE_SYSLOG_H 1
| #define HAVE_UNISTD_H 1
| #define HAVE_SYS_CDEFS_H 1
| #define HAVE_SYS_PARAM_H 1
| #define HAVE_STDARG_H 1
| #define HAVE_LOCALE_H 1
| #define HAVE_ENDIAN_H 1
| #define JSON_C_HAVE_INTTYPES_H 1
| /* end confdefs.h.  */
| #include <stdio.h>
| #ifdef HAVE_SYS_TYPES_H
| # include <sys/types.h>
| #endif
| #ifdef HAVE_SYS_STAT_H
| # include <sys/stat.h>
| #endif
| #ifdef STDC_HEADERS
| # include <stdlib.h>
| # include <stddef.h>
| #else
| # ifdef HAVE_STDLIB_H
| #  include <stdlib.h>
| # endif
| #endif
| #ifdef HAVE_STRING_H
| # if !defined STDC_HEADERS && defined HAVE_MEMORY_H
| #  include <memory.h>
| # endif
| # include <string.h>
| #endif
| #ifdef HAVE_STRINGS_H
| # include <strings.h>
| #endif
| #ifdef HAVE_INTTYPES_H
| # include <inttypes.h>
| #endif
| #ifdef HAVE_STDINT_H
| # include <stdint.h>
| #endif
| #ifdef HAVE_UNISTD_H
| # include <unistd.h>
| #endif
| int
| main ()
| {
| if (sizeof ((size_t)))
| 	    return 0;
|   ;
|   return 0;
| }
configure:4573: result: yes
configure:4588: checking for vprintf
configure:4588: /usr/local/bin/ccache /opt/trendchip/mips-linux-uclibc-4.3.6-v2/usr/bin/mips-linux-uclibc-gcc  -Wa,-mno-pdr -o conftest -DASB_PLATFORM_MTK -DASB_PLATFORM_MTK   conftest.c  >&5
conftest.c:55: warning: conflicting types for built-in function 'vprintf'
configure:4588: $? = 0
configure:4588: result: yes
configure:4594: checking for _doprnt
configure:4594: /usr/local/bin/ccache /opt/trendchip/mips-linux-uclibc-4.3.6-v2/usr/bin/mips-linux-uclibc-gcc  -Wa,-mno-pdr -o conftest -DASB_PLATFORM_MTK -DASB_PLATFORM_MTK   conftest.c  >&5
/tmp/ccWRqm8f.o: In function `main':
conftest.c:(.text+0x1c): undefined reference to `_doprnt'
collect2: ld returned 1 exit status
configure:4594: $? = 1
configure: failed program was:
| /* confdefs.h */
| #define PACKAGE_NAME "json-c"
| #define PACKAGE_TARNAME "json-c"
| #define PACKAGE_VERSION "0.12.99"
| #define PACKAGE_STRING "json-c 0.12.99"
| #define PACKAGE_BUGREPORT "json-c@googlegroups.com"
| #define PACKAGE_URL ""
| #define PACKAGE "json-c"
| #define VERSION "0.12.99"
| #define STDC_HEADERS 1
| #define HAVE_SYS_TYPES_H 1
| #define HAVE_SYS_STAT_H 1
| #define HAVE_STDLIB_H 1
| #define HAVE_STRING_H 1
| #define HAVE_MEMORY_H 1
| #define HAVE_STRINGS_H 1
| #define HAVE_INTTYPES_H 1
| #define HAVE_STDINT_H 1
| #define HAVE_UNISTD_H 1
| #define HAVE_FCNTL_H 1
| #define HAVE_LIMITS_H 1
| #define HAVE_STRINGS_H 1
| #define HAVE_SYSLOG_H 1
| #define HAVE_UNISTD_H 1
| #define HAVE_SYS_CDEFS_H 1
| #define HAVE_SYS_PARAM_H 1
| #define HAVE_STDARG_H 1
| #define HAVE_LOCALE_H 1
| #define HAVE_ENDIAN_H 1
| #define JSON_C_HAVE_INTTYPES_H 1
| #define HAVE_VPRINTF 1
| /* end confdefs.h.  */
| /* Define _doprnt to an innocuous variant, in case <limits.h> declares _doprnt.
|    For example, HP-UX 11i <limits.h> declares gettimeofday.  */
| #define _doprnt innocuous__doprnt
| 
| /* System header to define __stub macros and hopefully few prototypes,
|     which can conflict with char _doprnt (); below.
|     Prefer <limits.h> to <assert.h> if __STDC__ is defined, since
|     <limits.h> exists even on freestanding compilers.  */
| 
| #ifdef __STDC__
| # include <limits.h>
| #else
| # include <assert.h>
| #endif
| 
| #undef _doprnt
| 
| /* Override any GCC internal prototype to avoid an error.
|    Use char because int might match the return type of a GCC
|    builtin and then its argument prototype would still apply.  */
| #ifdef __cplusplus
| extern "C"
| #endif
| char _doprnt ();
| /* The GNU C library defines this for functions which it implements
|     to always fail with ENOSYS.  Some functions are actually named
|     something starting with __ and the normal name is an alias.  */
| #if defined __stub__doprnt || defined __stub____doprnt
| choke me
| #endif
| 
| int
| main ()
| {
| return _doprnt ();
|   ;
|   return 0;
| }
configure:4594: result: no
configure:4605: checking for working memcmp
configure:4658: result: no
configure:4672: checking for strcasecmp
configure:4672: /usr/local/bin/ccache /opt/trendchip/mips-linux-uclibc-4.3.6-v2/usr/bin/mips-linux-uclibc-gcc  -Wa,-mno-pdr -o conftest -DASB_PLATFORM_MTK -DASB_PLATFORM_MTK   conftest.c  >&5
conftest.c:56: warning: conflicting types for built-in function 'strcasecmp'
configure:4672: $? = 0
configure:4672: result: yes
configure:4672: checking for strdup
configure:4672: /usr/local/bin/ccache /opt/trendchip/mips-linux-uclibc-4.3.6-v2/usr/bin/mips-linux-uclibc-gcc  -Wa,-mno-pdr -o conftest -DASB_PLATFORM_MTK -DASB_PLATFORM_MTK   conftest.c  >&5
conftest.c:57: warning: conflicting types for built-in function 'strdup'
configure:4672: $? = 0
configure:4672: result: yes
configure:4672: checking for strerror
configure:4672: /usr/local/bin/ccache /opt/trendchip/mips-linux-uclibc-4.3.6-v2/usr/bin/mips-linux-uclibc-gcc  -Wa,-mno-pdr -o conftest -DASB_PLATFORM_MTK -DASB_PLATFORM_MTK   conftest.c  >&5
configure:4672: $? = 0
configure:4672: result: yes
configure:4672: checking for snprintf
configure:4672: /usr/local/bin/ccache /opt/trendchip/mips-linux-uclibc-4.3.6-v2/usr/bin/mips-linux-uclibc-gcc  -Wa,-mno-pdr -o conftest -DASB_PLATFORM_MTK -DASB_PLATFORM_MTK   conftest.c  >&5
conftest.c:59: warning: conflicting types for built-in function 'snprintf'
configure:4672: $? = 0
configure:4672: result: yes
configure:4672: checking for vsnprintf
configure:4672: /usr/local/bin/ccache /opt/trendchip/mips-linux-uclibc-4.3.6-v2/usr/bin/mips-linux-uclibc-gcc  -Wa,-mno-pdr -o conftest -DASB_PLATFORM_MTK -DASB_PLATFORM_MTK   conftest.c  >&5
conftest.c:60: warning: conflicting types for built-in function 'vsnprintf'
configure:4672: $? = 0
configure:4672: result: yes
configure:4672: checking for vasprintf
configure:4672: /usr/local/bin/ccache /opt/trendchip/mips-linux-uclibc-4.3.6-v2/usr/bin/mips-linux-uclibc-gcc  -Wa,-mno-pdr -o conftest -DASB_PLATFORM_MTK -DASB_PLATFORM_MTK   conftest.c  >&5
configure:4672: $? = 0
configure:4672: result: yes
configure:4672: checking for open
configure:4672: /usr/local/bin/ccache /opt/trendchip/mips-linux-uclibc-4.3.6-v2/usr/bin/mips-linux-uclibc-gcc  -Wa,-mno-pdr -o conftest -DASB_PLATFORM_MTK -DASB_PLATFORM_MTK   conftest.c  >&5
configure:4672: $? = 0
configure:4672: result: yes
configure:4672: checking for vsyslog
configure:4672: /usr/local/bin/ccache /opt/trendchip/mips-linux-uclibc-4.3.6-v2/usr/bin/mips-linux-uclibc-gcc  -Wa,-mno-pdr -o conftest -DASB_PLATFORM_MTK -DASB_PLATFORM_MTK   conftest.c  >&5
configure:4672: $? = 0
configure:4672: result: yes
configure:4672: checking for strncasecmp
configure:4672: /usr/local/bin/ccache /opt/trendchip/mips-linux-uclibc-4.3.6-v2/usr/bin/mips-linux-uclibc-gcc  -Wa,-mno-pdr -o conftest -DASB_PLATFORM_MTK -DASB_PLATFORM_MTK   conftest.c  >&5
conftest.c:64: warning: conflicting types for built-in function 'strncasecmp'
configure:4672: $? = 0
configure:4672: result: yes
configure:4672: checking for setlocale
configure:4672: /usr/local/bin/ccache /opt/trendchip/mips-linux-uclibc-4.3.6-v2/usr/bin/mips-linux-uclibc-gcc  -Wa,-mno-pdr -o conftest -DASB_PLATFORM_MTK -DASB_PLATFORM_MTK   conftest.c  >&5
configure:4672: $? = 0
configure:4672: result: yes
configure:4682: checking whether INFINITY is declared
configure:4682: /usr/local/bin/ccache /opt/trendchip/mips-linux-uclibc-4.3.6-v2/usr/bin/mips-linux-uclibc-gcc  -Wa,-mno-pdr -c -DASB_PLATFORM_MTK -DASB_PLATFORM_MTK  conftest.c >&5
configure:4682: $? = 0
configure:4682: result: yes
configure:4694: checking whether nan is declared
configure:4694: /usr/local/bin/ccache /opt/trendchip/mips-linux-uclibc-4.3.6-v2/usr/bin/mips-linux-uclibc-gcc  -Wa,-mno-pdr -c -DASB_PLATFORM_MTK -DASB_PLATFORM_MTK  conftest.c >&5
configure:4694: $? = 0
configure:4694: result: yes
configure:4706: checking whether isnan is declared
configure:4706: /usr/local/bin/ccache /opt/trendchip/mips-linux-uclibc-4.3.6-v2/usr/bin/mips-linux-uclibc-gcc  -Wa,-mno-pdr -c -DASB_PLATFORM_MTK -DASB_PLATFORM_MTK  conftest.c >&5
configure:4706: $? = 0
configure:4706: result: yes
configure:4718: checking whether isinf is declared
configure:4718: /usr/local/bin/ccache /opt/trendchip/mips-linux-uclibc-4.3.6-v2/usr/bin/mips-linux-uclibc-gcc  -Wa,-mno-pdr -c -DASB_PLATFORM_MTK -DASB_PLATFORM_MTK  conftest.c >&5
configure:4718: $? = 0
configure:4718: result: yes
configure:4730: checking whether _isnan is declared
configure:4730: /usr/local/bin/ccache /opt/trendchip/mips-linux-uclibc-4.3.6-v2/usr/bin/mips-linux-uclibc-gcc  -Wa,-mno-pdr -c -DASB_PLATFORM_MTK -DASB_PLATFORM_MTK  conftest.c >&5
conftest.c: In function 'main':
conftest.c:53: error: '_isnan' undeclared (first use in this function)
conftest.c:53: error: (Each undeclared identifier is reported only once
conftest.c:53: error: for each function it appears in.)
configure:4730: $? = 1
configure: failed program was:
| /* confdefs.h */
| #define PACKAGE_NAME "json-c"
| #define PACKAGE_TARNAME "json-c"
| #define PACKAGE_VERSION "0.12.99"
| #define PACKAGE_STRING "json-c 0.12.99"
| #define PACKAGE_BUGREPORT "json-c@googlegroups.com"
| #define PACKAGE_URL ""
| #define PACKAGE "json-c"
| #define VERSION "0.12.99"
| #define STDC_HEADERS 1
| #define HAVE_SYS_TYPES_H 1
| #define HAVE_SYS_STAT_H 1
| #define HAVE_STDLIB_H 1
| #define HAVE_STRING_H 1
| #define HAVE_MEMORY_H 1
| #define HAVE_STRINGS_H 1
| #define HAVE_INTTYPES_H 1
| #define HAVE_STDINT_H 1
| #define HAVE_UNISTD_H 1
| #define HAVE_FCNTL_H 1
| #define HAVE_LIMITS_H 1
| #define HAVE_STRINGS_H 1
| #define HAVE_SYSLOG_H 1
| #define HAVE_UNISTD_H 1
| #define HAVE_SYS_CDEFS_H 1
| #define HAVE_SYS_PARAM_H 1
| #define HAVE_STDARG_H 1
| #define HAVE_LOCALE_H 1
| #define HAVE_ENDIAN_H 1
| #define JSON_C_HAVE_INTTYPES_H 1
| #define HAVE_VPRINTF 1
| #define HAVE_STRCASECMP 1
| #define HAVE_STRDUP 1
| #define HAVE_STRERROR 1
| #define HAVE_SNPRINTF 1
| #define HAVE_VSNPRINTF 1
| #define HAVE_VASPRINTF 1
| #define HAVE_OPEN 1
| #define HAVE_VSYSLOG 1
| #define HAVE_STRNCASECMP 1
| #define HAVE_SETLOCALE 1
| #define HAVE_DECL_INFINITY 1
| #define HAVE_DECL_NAN 1
| #define HAVE_DECL_ISNAN 1
| #define HAVE_DECL_ISINF 1
| /* end confdefs.h.  */
| #include <float.h>
| 
| int
| main ()
| {
| #ifndef _isnan
|   (void) _isnan;
| #endif
| 
|   ;
|   return 0;
| }
configure:4730: result: no
configure:4742: checking whether _finite is declared
configure:4742: /usr/local/bin/ccache /opt/trendchip/mips-linux-uclibc-4.3.6-v2/usr/bin/mips-linux-uclibc-gcc  -Wa,-mno-pdr -c -DASB_PLATFORM_MTK -DASB_PLATFORM_MTK  conftest.c >&5
conftest.c: In function 'main':
conftest.c:54: error: '_finite' undeclared (first use in this function)
conftest.c:54: error: (Each undeclared identifier is reported only once
conftest.c:54: error: for each function it appears in.)
configure:4742: $? = 1
configure: failed program was:
| /* confdefs.h */
| #define PACKAGE_NAME "json-c"
| #define PACKAGE_TARNAME "json-c"
| #define PACKAGE_VERSION "0.12.99"
| #define PACKAGE_STRING "json-c 0.12.99"
| #define PACKAGE_BUGREPORT "json-c@googlegroups.com"
| #define PACKAGE_URL ""
| #define PACKAGE "json-c"
| #define VERSION "0.12.99"
| #define STDC_HEADERS 1
| #define HAVE_SYS_TYPES_H 1
| #define HAVE_SYS_STAT_H 1
| #define HAVE_STDLIB_H 1
| #define HAVE_STRING_H 1
| #define HAVE_MEMORY_H 1
| #define HAVE_STRINGS_H 1
| #define HAVE_INTTYPES_H 1
| #define HAVE_STDINT_H 1
| #define HAVE_UNISTD_H 1
| #define HAVE_FCNTL_H 1
| #define HAVE_LIMITS_H 1
| #define HAVE_STRINGS_H 1
| #define HAVE_SYSLOG_H 1
| #define HAVE_UNISTD_H 1
| #define HAVE_SYS_CDEFS_H 1
| #define HAVE_SYS_PARAM_H 1
| #define HAVE_STDARG_H 1
| #define HAVE_LOCALE_H 1
| #define HAVE_ENDIAN_H 1
| #define JSON_C_HAVE_INTTYPES_H 1
| #define HAVE_VPRINTF 1
| #define HAVE_STRCASECMP 1
| #define HAVE_STRDUP 1
| #define HAVE_STRERROR 1
| #define HAVE_SNPRINTF 1
| #define HAVE_VSNPRINTF 1
| #define HAVE_VASPRINTF 1
| #define HAVE_OPEN 1
| #define HAVE_VSYSLOG 1
| #define HAVE_STRNCASECMP 1
| #define HAVE_SETLOCALE 1
| #define HAVE_DECL_INFINITY 1
| #define HAVE_DECL_NAN 1
| #define HAVE_DECL_ISNAN 1
| #define HAVE_DECL_ISINF 1
| #define HAVE_DECL__ISNAN 0
| /* end confdefs.h.  */
| #include <float.h>
| 
| int
| main ()
| {
| #ifndef _finite
|   (void) _finite;
| #endif
| 
|   ;
|   return 0;
| }
configure:4742: result: no
configure:4763: checking if .gnu.warning accepts long strings
configure:4774: /usr/local/bin/ccache /opt/trendchip/mips-linux-uclibc-4.3.6-v2/usr/bin/mips-linux-uclibc-gcc  -Wa,-mno-pdr -o conftest -DASB_PLATFORM_MTK -DASB_PLATFORM_MTK   conftest.c  >&5
/tmp/ccpPZjhb.s: Assembler messages:
/tmp/ccpPZjhb.s:7: Error: unrecognized opcode `ascii "Please link against libjson-c instead of libjson"'
configure:4774: $? = 1
configure: failed program was:
| /* confdefs.h */
| #define PACKAGE_NAME "json-c"
| #define PACKAGE_TARNAME "json-c"
| #define PACKAGE_VERSION "0.12.99"
| #define PACKAGE_STRING "json-c 0.12.99"
| #define PACKAGE_BUGREPORT "json-c@googlegroups.com"
| #define PACKAGE_URL ""
| #define PACKAGE "json-c"
| #define VERSION "0.12.99"
| #define STDC_HEADERS 1
| #define HAVE_SYS_TYPES_H 1
| #define HAVE_SYS_STAT_H 1
| #define HAVE_STDLIB_H 1
| #define HAVE_STRING_H 1
| #define HAVE_MEMORY_H 1
| #define HAVE_STRINGS_H 1
| #define HAVE_INTTYPES_H 1
| #define HAVE_STDINT_H 1
| #define HAVE_UNISTD_H 1
| #define HAVE_FCNTL_H 1
| #define HAVE_LIMITS_H 1
| #define HAVE_STRINGS_H 1
| #define HAVE_SYSLOG_H 1
| #define HAVE_UNISTD_H 1
| #define HAVE_SYS_CDEFS_H 1
| #define HAVE_SYS_PARAM_H 1
| #define HAVE_STDARG_H 1
| #define HAVE_LOCALE_H 1
| #define HAVE_ENDIAN_H 1
| #define JSON_C_HAVE_INTTYPES_H 1
| #define HAVE_VPRINTF 1
| #define HAVE_STRCASECMP 1
| #define HAVE_STRDUP 1
| #define HAVE_STRERROR 1
| #define HAVE_SNPRINTF 1
| #define HAVE_VSNPRINTF 1
| #define HAVE_VASPRINTF 1
| #define HAVE_OPEN 1
| #define HAVE_VSYSLOG 1
| #define HAVE_STRNCASECMP 1
| #define HAVE_SETLOCALE 1
| #define HAVE_DECL_INFINITY 1
| #define HAVE_DECL_NAN 1
| #define HAVE_DECL_ISNAN 1
| #define HAVE_DECL_ISINF 1
| #define HAVE_DECL__ISNAN 0
| #define HAVE_DECL__FINITE 0
| /* end confdefs.h.  */
| 
| extern void json_object_get();
| __asm__(".section .gnu.json_object_get,\n\t.ascii \"Please link against libjson-c instead of libjson\"\n\t.text");
| 
| int main(int c,char* v) {return 0;}
| 
configure:4784: result: no
configure:4827: checking build system type
configure:4841: result: i686-pc-linux-gnu
configure:4861: checking host system type
configure:4874: result: mips-unknown-linux-gnu
configure:4894: checking for a sed that does not truncate output
configure:4958: result: /bin/sed
configure:4976: checking for fgrep
configure:5038: result: /bin/grep -F
configure:5073: checking for ld used by /usr/local/bin/ccache /opt/trendchip/mips-linux-uclibc-4.3.6-v2/usr/bin/mips-linux-uclibc-gcc  -Wa,-mno-pdr
configure:5140: result: /opt/trendchip/mips-linux-uclibc-4.3.6-v2/usr/bin/mips-linux-uclibc-ld
configure:5147: checking if the linker (/opt/trendchip/mips-linux-uclibc-4.3.6-v2/usr/bin/mips-linux-uclibc-ld) is GNU ld
configure:5162: result: yes
configure:5174: checking for BSD- or MS-compatible name lister (nm)
configure:5223: result: /opt/trendchip/mips-linux-uclibc-4.3.6-v2/usr/bin/mips-linux-uclibc-nm
configure:5341: checking the name lister (/opt/trendchip/mips-linux-uclibc-4.3.6-v2/usr/bin/mips-linux-uclibc-nm) interface
configure:5348: /usr/local/bin/ccache /opt/trendchip/mips-linux-uclibc-4.3.6-v2/usr/bin/mips-linux-uclibc-gcc  -Wa,-mno-pdr -c -DASB_PLATFORM_MTK -DASB_PLATFORM_MTK  conftest.c >&5
configure:5351: /opt/trendchip/mips-linux-uclibc-4.3.6-v2/usr/bin/mips-linux-uclibc-nm "conftest.o"
configure:5354: output
00000000 B some_variable
configure:5361: result: BSD nm
configure:5364: checking whether ln -s works
configure:5368: result: yes
configure:5376: checking the maximum length of command line arguments
configure:5496: result: 1966080
configure:5513: checking whether the shell understands some XSI constructs
configure:5523: result: yes
configure:5527: checking whether the shell understands "+="
configure:5533: result: yes
configure:5568: checking for /opt/trendchip/mips-linux-uclibc-4.3.6-v2/usr/bin/mips-linux-uclibc-ld option to reload object files
configure:5575: result: -r
configure:5604: checking for mips-linux-objdump
configure:5631: result: /opt/trendchip/mips-linux-uclibc-4.3.6-v2/usr/bin/mips-linux-uclibc-objdump
configure:5703: checking how to recognize dependent libraries
configure:5899: result: pass_all
configure:5919: checking for mips-linux-ar
configure:5946: result: /opt/trendchip/mips-linux-uclibc-4.3.6-v2/usr/bin/mips-linux-uclibc-ar
configure:6024: checking for mips-linux-strip
configure:6051: result: /opt/trendchip/mips-linux-uclibc-4.3.6-v2/usr/bin/mips-linux-uclibc-strip
configure:6123: checking for mips-linux-ranlib
configure:6150: result: /opt/trendchip/mips-linux-uclibc-4.3.6-v2/usr/bin/mips-linux-uclibc-ranlib
configure:6280: checking command to parse /opt/trendchip/mips-linux-uclibc-4.3.6-v2/usr/bin/mips-linux-uclibc-nm output from /usr/local/bin/ccache /opt/trendchip/mips-linux-uclibc-4.3.6-v2/usr/bin/mips-linux-uclibc-gcc  -Wa,-mno-pdr object
configure:6398: /usr/local/bin/ccache /opt/trendchip/mips-linux-uclibc-4.3.6-v2/usr/bin/mips-linux-uclibc-gcc  -Wa,-mno-pdr -c -DASB_PLATFORM_MTK -DASB_PLATFORM_MTK  conftest.c >&5
configure:6401: $? = 0
configure:6405: /opt/trendchip/mips-linux-uclibc-4.3.6-v2/usr/bin/mips-linux-uclibc-nm conftest.o \| sed -n -e 's/^.*[	 ]\([ABCDGIRSTW][ABCDGIRSTW]*\)[	 ][	 ]*\([_A-Za-z][_A-Za-z0-9]*\)$/\1 \2 \2/p' \> conftest.nm
configure:6408: $? = 0
configure:6462: /usr/local/bin/ccache /opt/trendchip/mips-linux-uclibc-4.3.6-v2/usr/bin/mips-linux-uclibc-gcc  -Wa,-mno-pdr -o conftest -DASB_PLATFORM_MTK -DASB_PLATFORM_MTK   conftest.c conftstm.o >&5
configure:6465: $? = 0
configure:6503: result: ok
configure:7308: checking for dlfcn.h
configure:7308: /usr/local/bin/ccache /opt/trendchip/mips-linux-uclibc-4.3.6-v2/usr/bin/mips-linux-uclibc-gcc  -Wa,-mno-pdr -c -DASB_PLATFORM_MTK -DASB_PLATFORM_MTK  conftest.c >&5
configure:7308: $? = 0
configure:7308: result: yes
configure:7492: checking for objdir
configure:7507: result: .libs
configure:7799: checking if /usr/local/bin/ccache /opt/trendchip/mips-linux-uclibc-4.3.6-v2/usr/bin/mips-linux-uclibc-gcc  -Wa,-mno-pdr supports -fno-rtti -fno-exceptions
configure:7817: /usr/local/bin/ccache /opt/trendchip/mips-linux-uclibc-4.3.6-v2/usr/bin/mips-linux-uclibc-gcc  -Wa,-mno-pdr -c -DASB_PLATFORM_MTK -DASB_PLATFORM_MTK  -fno-rtti -fno-exceptions conftest.c >&5
cc1: warning: command line option "-fno-rtti" is valid for C++/ObjC++ but not for C
cc1: warning: command line option "-fno-rtti" is valid for C++/ObjC++ but not for C
configure:7821: $? = 0
configure:7834: result: no
configure:7854: checking for /usr/local/bin/ccache /opt/trendchip/mips-linux-uclibc-4.3.6-v2/usr/bin/mips-linux-uclibc-gcc  -Wa,-mno-pdr option to produce PIC
configure:8126: result: -fPIC -DPIC
configure:8138: checking if /usr/local/bin/ccache /opt/trendchip/mips-linux-uclibc-4.3.6-v2/usr/bin/mips-linux-uclibc-gcc  -Wa,-mno-pdr PIC flag -fPIC -DPIC works
configure:8156: /usr/local/bin/ccache /opt/trendchip/mips-linux-uclibc-4.3.6-v2/usr/bin/mips-linux-uclibc-gcc  -Wa,-mno-pdr -c -DASB_PLATFORM_MTK -DASB_PLATFORM_MTK  -fPIC -DPIC -DPIC conftest.c >&5
configure:8160: $? = 0
configure:8173: result: yes
configure:8197: checking if /usr/local/bin/ccache /opt/trendchip/mips-linux-uclibc-4.3.6-v2/usr/bin/mips-linux-uclibc-gcc  -Wa,-mno-pdr static flag -static works
configure:8225: result: yes
configure:8240: checking if /usr/local/bin/ccache /opt/trendchip/mips-linux-uclibc-4.3.6-v2/usr/bin/mips-linux-uclibc-gcc  -Wa,-mno-pdr supports -c -o file.o
configure:8261: /usr/local/bin/ccache /opt/trendchip/mips-linux-uclibc-4.3.6-v2/usr/bin/mips-linux-uclibc-gcc  -Wa,-mno-pdr -c -DASB_PLATFORM_MTK -DASB_PLATFORM_MTK  -o out/conftest2.o conftest.c >&5
configure:8265: $? = 0
configure:8287: result: yes
configure:8295: checking if /usr/local/bin/ccache /opt/trendchip/mips-linux-uclibc-4.3.6-v2/usr/bin/mips-linux-uclibc-gcc  -Wa,-mno-pdr supports -c -o file.o
configure:8342: result: yes
configure:8375: checking whether the /usr/local/bin/ccache /opt/trendchip/mips-linux-uclibc-4.3.6-v2/usr/bin/mips-linux-uclibc-gcc  -Wa,-mno-pdr linker (/opt/trendchip/mips-linux-uclibc-4.3.6-v2/usr/bin/mips-linux-uclibc-ld) supports shared libraries
configure:9361: result: yes
configure:9398: checking whether -lc should be explicitly linked in
configure:9403: /usr/local/bin/ccache /opt/trendchip/mips-linux-uclibc-4.3.6-v2/usr/bin/mips-linux-uclibc-gcc  -Wa,-mno-pdr -c -DASB_PLATFORM_MTK -DASB_PLATFORM_MTK  conftest.c >&5
configure:9406: $? = 0
configure:9421: /usr/local/bin/ccache /opt/trendchip/mips-linux-uclibc-4.3.6-v2/usr/bin/mips-linux-uclibc-gcc  -Wa,-mno-pdr -shared conftest.o  -v -Wl,-soname -Wl,conftest -o conftest 2\>\&1 \| /bin/grep  -lc  \>/dev/null 2\>\&1
configure:9424: $? = 0
configure:9436: result: no
configure:9600: checking dynamic linker characteristics
configure:10033: /usr/local/bin/ccache /opt/trendchip/mips-linux-uclibc-4.3.6-v2/usr/bin/mips-linux-uclibc-gcc  -Wa,-mno-pdr -o conftest -DASB_PLATFORM_MTK -DASB_PLATFORM_MTK   -Wl,-rpath -Wl,/foo conftest.c  >&5
configure:10033: $? = 0
configure:10254: result: GNU/Linux ld.so
configure:10356: checking how to hardcode library paths into programs
configure:10381: result: immediate
configure:10901: checking whether stripping libraries is possible
configure:10906: result: yes
configure:10941: checking if libtool supports shared libraries
configure:10943: result: yes
configure:10946: checking whether to build shared libraries
configure:10967: result: yes
configure:10970: checking whether to build static libraries
configure:10974: result: yes
configure:11022: checking for -Bsymbolic-functions linker flag
configure:11036: /usr/local/bin/ccache /opt/trendchip/mips-linux-uclibc-4.3.6-v2/usr/bin/mips-linux-uclibc-gcc  -Wa,-mno-pdr -o conftest -DASB_PLATFORM_MTK -DASB_PLATFORM_MTK  -Wl,-Bsymbolic-functions conftest.c  >&5
configure:11036: $? = 0
configure:11038: result: yes
configure:11181: creating ./config.status

## ---------------------- ##
## Running config.status. ##
## ---------------------- ##

This file was extended by json-c config.status 0.12.99, which was
generated by GNU Autoconf 2.65.  Invocation command line was

  CONFIG_FILES    = 
  CONFIG_HEADERS  = 
  CONFIG_LINKS    = 
  CONFIG_COMMANDS = 
  $ ./config.status 

on AONTFN05

config.status:1095: creating Makefile
config.status:1095: creating json-c.pc
config.status:1095: creating tests/Makefile
config.status:1095: creating json-c-uninstalled.pc
config.status:1095: creating config.h
config.status:1095: creating json_config.h
config.status:1308: executing depfiles commands
config.status:1308: executing libtool commands

## ---------------- ##
## Cache variables. ##
## ---------------- ##

ac_cv_build=i686-pc-linux-gnu
ac_cv_c_compiler_gnu=yes
ac_cv_c_const=yes
ac_cv_env_CC_set=set
ac_cv_env_CC_value='/usr/local/bin/ccache /opt/trendchip/mips-linux-uclibc-4.3.6-v2/usr/bin/mips-linux-uclibc-gcc  -Wa,-mno-pdr'
ac_cv_env_CFLAGS_set=set
ac_cv_env_CFLAGS_value='-DASB_PLATFORM_MTK -DASB_PLATFORM_MTK'
ac_cv_env_CPPFLAGS_set=
ac_cv_env_CPPFLAGS_value=
ac_cv_env_CPP_set=set
ac_cv_env_CPP_value='/usr/local/bin/ccache /opt/trendchip/mips-linux-uclibc-4.3.6-v2/usr/bin/mips-linux-uclibc-cpp'
ac_cv_env_LDFLAGS_set=
ac_cv_env_LDFLAGS_value=
ac_cv_env_LIBS_set=
ac_cv_env_LIBS_value=
ac_cv_env_build_alias_set=
ac_cv_env_build_alias_value=
ac_cv_env_host_alias_set=set
ac_cv_env_host_alias_value=mips-linux
ac_cv_env_target_alias_set=
ac_cv_env_target_alias_value=
ac_cv_func__doprnt=no
ac_cv_func_memcmp_working=no
ac_cv_func_open=yes
ac_cv_func_setlocale=yes
ac_cv_func_snprintf=yes
ac_cv_func_strcasecmp=yes
ac_cv_func_strdup=yes
ac_cv_func_strerror=yes
ac_cv_func_strncasecmp=yes
ac_cv_func_vasprintf=yes
ac_cv_func_vprintf=yes
ac_cv_func_vsnprintf=yes
ac_cv_func_vsyslog=yes
ac_cv_have_decl_INFINITY=yes
ac_cv_have_decl__finite=no
ac_cv_have_decl__isnan=no
ac_cv_have_decl_isinf=yes
ac_cv_have_decl_isnan=yes
ac_cv_have_decl_nan=yes
ac_cv_header_dlfcn_h=yes
ac_cv_header_endian_h=yes
ac_cv_header_fcntl_h=yes
ac_cv_header_inttypes_h=yes
ac_cv_header_limits_h=yes
ac_cv_header_locale_h=yes
ac_cv_header_memory_h=yes
ac_cv_header_stdarg_h=yes
ac_cv_header_stdc=yes
ac_cv_header_stdint_h=yes
ac_cv_header_stdlib_h=yes
ac_cv_header_string_h=yes
ac_cv_header_strings_h=yes
ac_cv_header_sys_cdefs_h=yes
ac_cv_header_sys_param_h=yes
ac_cv_header_sys_stat_h=yes
ac_cv_header_sys_types_h=yes
ac_cv_header_syslog_h=yes
ac_cv_header_unistd_h=yes
ac_cv_host=mips-unknown-linux-gnu
ac_cv_objext=o
ac_cv_path_EGREP='/bin/grep -E'
ac_cv_path_FGREP='/bin/grep -F'
ac_cv_path_GREP=/bin/grep
ac_cv_path_SED=/bin/sed
ac_cv_path_install='/usr/bin/install -c'
ac_cv_path_mkdir=/bin/mkdir
ac_cv_prog_AR=/opt/trendchip/mips-linux-uclibc-4.3.6-v2/usr/bin/mips-linux-uclibc-ar
ac_cv_prog_AWK=gawk
ac_cv_prog_CC='/usr/local/bin/ccache /opt/trendchip/mips-linux-uclibc-4.3.6-v2/usr/bin/mips-linux-uclibc-gcc  -Wa,-mno-pdr'
ac_cv_prog_CPP='/usr/local/bin/ccache /opt/trendchip/mips-linux-uclibc-4.3.6-v2/usr/bin/mips-linux-uclibc-cpp'
ac_cv_prog_OBJDUMP=/opt/trendchip/mips-linux-uclibc-4.3.6-v2/usr/bin/mips-linux-uclibc-objdump
ac_cv_prog_RANLIB=/opt/trendchip/mips-linux-uclibc-4.3.6-v2/usr/bin/mips-linux-uclibc-ranlib
ac_cv_prog_STRIP=/opt/trendchip/mips-linux-uclibc-4.3.6-v2/usr/bin/mips-linux-uclibc-strip
ac_cv_prog_cc__usr_local_bin_ccache_c_o=yes
ac_cv_prog_cc_c89=
ac_cv_prog_cc_g=yes
ac_cv_prog_make_make_set=yes
ac_cv_type_size_t=yes
am_cv_CC_dependencies_compiler_type=gcc3
lt_cv_deplibs_check_method=pass_all
lt_cv_file_magic_cmd='$MAGIC_CMD'
lt_cv_file_magic_test_file=
lt_cv_ld_reload_flag=-r
lt_cv_nm_interface='BSD nm'
lt_cv_objdir=.libs
lt_cv_path_LD=/opt/trendchip/mips-linux-uclibc-4.3.6-v2/usr/bin/mips-linux-uclibc-ld
lt_cv_path_NM=/opt/trendchip/mips-linux-uclibc-4.3.6-v2/usr/bin/mips-linux-uclibc-nm
lt_cv_prog_compiler_c_o=yes
lt_cv_prog_compiler_pic_works=yes
lt_cv_prog_compiler_rtti_exceptions=no
lt_cv_prog_compiler_static_works=yes
lt_cv_prog_gnu_ld=yes
lt_cv_sys_global_symbol_pipe='sed -n -e '\''s/^.*[	 ]\([ABCDGIRSTW][ABCDGIRSTW]*\)[	 ][	 ]*\([_A-Za-z][_A-Za-z0-9]*\)$/\1 \2 \2/p'\'''
lt_cv_sys_global_symbol_to_c_name_address='sed -n -e '\''s/^: \([^ ]*\) $/  {\"\1\", (void *) 0},/p'\'' -e '\''s/^[ABCDGIRSTW]* \([^ ]*\) \([^ ]*\)$/  {"\2", (void *) \&\2},/p'\'''
lt_cv_sys_global_symbol_to_c_name_address_lib_prefix='sed -n -e '\''s/^: \([^ ]*\) $/  {\"\1\", (void *) 0},/p'\'' -e '\''s/^[ABCDGIRSTW]* \([^ ]*\) \(lib[^ ]*\)$/  {"\2", (void *) \&\2},/p'\'' -e '\''s/^[ABCDGIRSTW]* \([^ ]*\) \([^ ]*\)$/  {"lib\2", (void *) \&\2},/p'\'''
lt_cv_sys_global_symbol_to_cdecl='sed -n -e '\''s/^T .* \(.*\)$/extern int \1();/p'\'' -e '\''s/^[ABCDGIRSTW]* .* \(.*\)$/extern char \1;/p'\'''
lt_cv_sys_max_cmd_len=1966080

## ----------------- ##
## Output variables. ##
## ----------------- ##

ACLOCAL='/bin/true --run aclocal-1.11'
AMDEPBACKSLASH='\'
AMDEP_FALSE='#'
AMDEP_TRUE=''
AMTAR='/bin/true --run tar'
AR='/opt/trendchip/mips-linux-uclibc-4.3.6-v2/usr/bin/mips-linux-uclibc-ar'
AUTOCONF='/bin/true --run autoconf'
AUTOHEADER='/bin/true --run autoheader'
AUTOMAKE='/bin/true --run automake-1.11'
AWK='gawk'
CC='/usr/local/bin/ccache /opt/trendchip/mips-linux-uclibc-4.3.6-v2/usr/bin/mips-linux-uclibc-gcc  -Wa,-mno-pdr'
CCDEPMODE='depmode=gcc3'
CFLAGS='-DASB_PLATFORM_MTK -DASB_PLATFORM_MTK'
CPP='/usr/local/bin/ccache /opt/trendchip/mips-linux-uclibc-4.3.6-v2/usr/bin/mips-linux-uclibc-cpp'
CPPFLAGS=''
CYGPATH_W='echo'
DEFS='-DHAVE_CONFIG_H'
DEPDIR='.deps'
DSYMUTIL=''
DUMPBIN=''
ECHO_C=''
ECHO_N='-n'
ECHO_T=''
EGREP='/bin/grep -E'
EXEEXT=''
FGREP='/bin/grep -F'
GREP='/bin/grep'
INSTALL_DATA='${INSTALL} -m 644'
INSTALL_PROGRAM='${INSTALL}'
INSTALL_SCRIPT='${INSTALL}'
INSTALL_STRIP_PROGRAM='$(install_sh) -c -s'
JSON_BSYMBOLIC_LDFLAGS='-Wl,-Bsymbolic-functions'
LD='/opt/trendchip/mips-linux-uclibc-4.3.6-v2/usr/bin/mips-linux-uclibc-ld'
LDFLAGS=''
LIBOBJS=' ${LIBOBJDIR}memcmp$U.o'
LIBS=''
LIBTOOL='$(SHELL) $(top_builddir)/libtool'
LIPO=''
LN_S='ln -s'
LTLIBOBJS=' ${LIBOBJDIR}memcmp$U.lo'
MAKEINFO='/bin/true --run makeinfo'
MKDIR_P='/bin/mkdir -p'
NM='/opt/trendchip/mips-linux-uclibc-4.3.6-v2/usr/bin/mips-linux-uclibc-nm'
NMEDIT=''
OBJDUMP='/opt/trendchip/mips-linux-uclibc-4.3.6-v2/usr/bin/mips-linux-uclibc-objdump'
OBJEXT='o'
OTOOL64=''
OTOOL=''
PACKAGE='json-c'
PACKAGE_BUGREPORT='json-c@googlegroups.com'
PACKAGE_NAME='json-c'
PACKAGE_STRING='json-c 0.12.99'
PACKAGE_TARNAME='json-c'
PACKAGE_URL=''
PACKAGE_VERSION='0.12.99'
PATH_SEPARATOR=':'
RANLIB='/opt/trendchip/mips-linux-uclibc-4.3.6-v2/usr/bin/mips-linux-uclibc-ranlib'
SED='/bin/sed'
SET_MAKE=''
SHELL='/bin/sh'
STRIP='/opt/trendchip/mips-linux-uclibc-4.3.6-v2/usr/bin/mips-linux-uclibc-strip'
VERSION='0.12.99'
ac_ct_CC=''
ac_ct_DUMPBIN=''
am__EXEEXT_FALSE=''
am__EXEEXT_TRUE='#'
am__fastdepCC_FALSE='#'
am__fastdepCC_TRUE=''
am__include='include'
am__isrc=' -I$(srcdir)'
am__leading_dot='.'
am__quote=''
am__tar='${AMTAR} chof - "$$tardir"'
am__untar='${AMTAR} xf -'
bindir='${exec_prefix}/bin'
build='i686-pc-linux-gnu'
build_alias=''
build_cpu='i686'
build_os='linux-gnu'
build_vendor='pc'
datadir='${datarootdir}'
datarootdir='${prefix}/share'
docdir='${datarootdir}/doc/${PACKAGE_TARNAME}'
dvidir='${docdir}'
exec_prefix='${prefix}'
host='mips-unknown-linux-gnu'
host_alias='mips-linux'
host_cpu='mips'
host_os='linux-gnu'
host_vendor='unknown'
htmldir='${docdir}'
includedir='${prefix}/include'
infodir='${datarootdir}/info'
install_sh='${SHELL} /repo/guoxingp/HD_R5401_China/apps/public/libs/libjson-c/json-c/install-sh'
libdir='${exec_prefix}/lib'
libexecdir='${exec_prefix}/libexec'
localedir='${datarootdir}/locale'
localstatedir='${prefix}/var'
lt_ECHO='echo'
mandir='${datarootdir}/man'
mkdir_p='/bin/mkdir -p'
oldincludedir='/usr/include'
pdfdir='${docdir}'
prefix='/'
program_transform_name='s,x,x,'
psdir='${docdir}'
sbindir='${exec_prefix}/sbin'
sharedstatedir='${prefix}/com'
sysconfdir='${prefix}/etc'
target_alias=''

## ----------- ##
## confdefs.h. ##
## ----------- ##

/* confdefs.h */
#define PACKAGE_NAME "json-c"
#define PACKAGE_TARNAME "json-c"
#define PACKAGE_VERSION "0.12.99"
#define PACKAGE_STRING "json-c 0.12.99"
#define PACKAGE_BUGREPORT "json-c@googlegroups.com"
#define PACKAGE_URL ""
#define PACKAGE "json-c"
#define VERSION "0.12.99"
#define STDC_HEADERS 1
#define HAVE_SYS_TYPES_H 1
#define HAVE_SYS_STAT_H 1
#define HAVE_STDLIB_H 1
#define HAVE_STRING_H 1
#define HAVE_MEMORY_H 1
#define HAVE_STRINGS_H 1
#define HAVE_INTTYPES_H 1
#define HAVE_STDINT_H 1
#define HAVE_UNISTD_H 1
#define HAVE_FCNTL_H 1
#define HAVE_LIMITS_H 1
#define HAVE_STRINGS_H 1
#define HAVE_SYSLOG_H 1
#define HAVE_UNISTD_H 1
#define HAVE_SYS_CDEFS_H 1
#define HAVE_SYS_PARAM_H 1
#define HAVE_STDARG_H 1
#define HAVE_LOCALE_H 1
#define HAVE_ENDIAN_H 1
#define JSON_C_HAVE_INTTYPES_H 1
#define HAVE_VPRINTF 1
#define HAVE_STRCASECMP 1
#define HAVE_STRDUP 1
#define HAVE_STRERROR 1
#define HAVE_SNPRINTF 1
#define HAVE_VSNPRINTF 1
#define HAVE_VASPRINTF 1
#define HAVE_OPEN 1
#define HAVE_VSYSLOG 1
#define HAVE_STRNCASECMP 1
#define HAVE_SETLOCALE 1
#define HAVE_DECL_INFINITY 1
#define HAVE_DECL_NAN 1
#define HAVE_DECL_ISNAN 1
#define HAVE_DECL_ISINF 1
#define HAVE_DECL__ISNAN 0
#define HAVE_DECL__FINITE 0
#define HAVE_DLFCN_H 1
#define LT_OBJDIR ".libs/"

configure: exit 0
